<?xml version="1.0" encoding="UTF-8"?>
<!-- Generated by org.testng.reporters.JUnitReportReporter -->
<testsuite hostname="DESKTOP-T0OH0U9" failures="0" tests="1" name="TestSuite.fileUpload" time="4.639" errors="0" timestamp="2025-01-01T22:48:30 EET" skipped="0">
  <testcase classname="TestSuite.fileUpload" name="verifyUpload" time="4.639"/>
  <system-out>
    <![CDATA[<br><img src='screenshots/TestScreenshot_1735764510786.png' height='400' width='800'/><br>]]>
  </system-out>
</testsuite> <!-- TestSuite.fileUpload -->
