<?xml version="1.0" encoding="UTF-8"?>
<!-- Generated by org.testng.reporters.JUnitReportReporter -->
<testsuite hostname="DESKTOP-T0OH0U9" failures="0" tests="1" name="TestSuite.fileUpload" time="6.150" errors="0" timestamp="2025-01-01T21:44:54 EET" skipped="0">
  <testcase classname="TestSuite.fileUpload" name="verifyUpload" time="6.150"/>
  <system-out>
    <![CDATA[<br><img src='screenshots/TestScreenshot_1735760693979.png' height='400' width='800'/><br>]]>
  </system-out>
</testsuite> <!-- TestSuite.fileUpload -->
